<?xml version="1.0" encoding="UTF-8"?>
<testsuites>
    <testsuite name="force.apex" timestamp="2019-08-27T15:40:08-04:00" hostname="https://sppanelforce-dev-ed.my.salesforce.com" tests="1" failures="0"  errors="0"  time="0">
        <properties>
            <property name="outcome" value="Passed"/>
            <property name="testsRan" value="1"/>
            <property name="passing" value="0"/>
            <property name="failing" value="0"/>
            <property name="skipped" value="1"/>
            <property name="passRate" value="NaN%"/>
            <property name="failRate" value="NaN%"/>
            <property name="testStartTime" value="Aug 27, 2019 3:40 PM"/>
            <property name="testExecutionTime" value="0 s"/>
            <property name="testTotalTime" value="0 s"/>
            <property name="commandTime" value="3.87 s"/>
            <property name="hostname" value="https://sppanelforce-dev-ed.my.salesforce.com"/>
            <property name="orgId" value="00D3i000000uSoYEAU"/>
            <property name="username" value="sp@p3.com"/>
            <property name="testRunId" value="7073i000008ydlB"/>
            <property name="userId" value="0053i000002NdsxAAC"/>
        </properties>
        <testcase name="testInsertTimeStamp" classname="InterviewMainMiscApexControllerTests" time="0">
            <failure message="Method testInsertTimeStamp does not exist in the the apex class with Id :01p3i000009ZlTf"></failure>
        </testcase>
    </testsuite>
</testsuites>
